0 info it worked if it ends with ok
1 verbose cli [ 'node', '/usr/local/bin/npm', 'run', 'build-ui' ]
2 info using npm@3.10.3
3 info using node@v0.12.7
4 verbose run-script [ 'prebuild-ui', 'build-ui', 'postbuild-ui' ]
5 info lifecycle gittoken-landing-page@0.0.1~prebuild-ui: gittoken-landing-page@0.0.1
6 silly lifecycle gittoken-landing-page@0.0.1~prebuild-ui: no script for prebuild-ui, continuing
7 info lifecycle gittoken-landing-page@0.0.1~build-ui: gittoken-landing-page@0.0.1
8 verbose lifecycle gittoken-landing-page@0.0.1~build-ui: unsafe-perm in lifecycle true
9 verbose lifecycle gittoken-landing-page@0.0.1~build-ui: PATH: /usr/local/lib/node_modules/npm/bin/node-gyp-bin:/Users/ryan/Projects/GitToken/landing-page/node_modules/.bin:/usr/local/bin:/Users/ryan/.cargo/bin:/usr/local/sbin:/usr/texbin:/usr/local/mysql/bin:/usr/local/Cellar/postgresql/9.5.3/bin:/Users/ryan/.yarn/bin:/Users/ryan/bin:/usr/local/bin:/Users/ryan/.nvm/versions/node/v8.8.1/bin:/Users/ryan/.cargo/bin:/Library/Frameworks/Python.framework/Versions/3.6/bin:/usr/local/bin:/usr/bin:/bin:/usr/sbin:/sbin:/opt/X11/bin:/usr/local/go/bin:/Library/TeX/texbin
10 verbose lifecycle gittoken-landing-page@0.0.1~build-ui: CWD: /Users/ryan/Projects/GitToken/landing-page
11 silly lifecycle gittoken-landing-page@0.0.1~build-ui: Args: [ '-c', 'webpack --config webpack.config.js' ]
12 silly lifecycle gittoken-landing-page@0.0.1~build-ui: Returned: code: 1  signal: null
13 info lifecycle gittoken-landing-page@0.0.1~build-ui: Failed to exec build-ui script
14 verbose stack Error: gittoken-landing-page@0.0.1 build-ui: `webpack --config webpack.config.js`
14 verbose stack Exit status 1
14 verbose stack     at EventEmitter.<anonymous> (/usr/local/lib/node_modules/npm/lib/utils/lifecycle.js:242:16)
14 verbose stack     at EventEmitter.emit (events.js:110:17)
14 verbose stack     at ChildProcess.<anonymous> (/usr/local/lib/node_modules/npm/lib/utils/spawn.js:40:14)
14 verbose stack     at ChildProcess.emit (events.js:110:17)
14 verbose stack     at maybeClose (child_process.js:1015:16)
14 verbose stack     at Process.ChildProcess._handle.onexit (child_process.js:1087:5)
15 verbose pkgid gittoken-landing-page@0.0.1
16 verbose cwd /Users/ryan/Projects/GitToken/landing-page
17 error Darwin 16.7.0
18 error argv "node" "/usr/local/bin/npm" "run" "build-ui"
19 error node v0.12.7
20 error npm  v3.10.3
21 error code ELIFECYCLE
22 error gittoken-landing-page@0.0.1 build-ui: `webpack --config webpack.config.js`
22 error Exit status 1
23 error Failed at the gittoken-landing-page@0.0.1 build-ui script 'webpack --config webpack.config.js'.
23 error Make sure you have the latest version of node.js and npm installed.
23 error If you do, this is most likely a problem with the gittoken-landing-page package,
23 error not with npm itself.
23 error Tell the author that this fails on your system:
23 error     webpack --config webpack.config.js
23 error You can get information on how to open an issue for this project with:
23 error     npm bugs gittoken-landing-page
23 error Or if that isn't available, you can get their info via:
23 error     npm owner ls gittoken-landing-page
23 error There is likely additional logging output above.
24 verbose exit [ 1, true ]
